Arguments: 
  /usr/bin/node /usr/local/bin/yarn add go-telegram-bot-api

PATH: 
  /home/xbaysal11/.sdkman/candidates/springboot/current/bin:/home/xbaysal11/.sdkman/candidates/java/current/bin:/home/xbaysal11/.sdkman/candidates/gradle/current/bin:/home/xbaysal11/.local/bin:/usr/local/sbin:/usr/local/bin:/usr/sbin:/usr/bin:/sbin:/bin:/usr/games:/usr/local/games:/snap/bin:/home/xbaysal11/.fzf/bin:/home/xbaysal11/.yarn/bin:/home/xbaysal11/.local/bin/

Yarn version: 
  1.13.0

Node version: 
  10.16.0

Platform: 
  linux x64

Trace: 
  Error: https://registry.yarnpkg.com/go-telegram-bot-api: Not found
      at Request.params.callback [as _callback] (/usr/local/lib/node_modules/yarn/lib/cli.js:66255:18)
      at Request.self.callback (/usr/local/lib/node_modules/yarn/lib/cli.js:129397:22)
      at Request.emit (events.js:198:13)
      at Request.<anonymous> (/usr/local/lib/node_modules/yarn/lib/cli.js:130369:10)
      at Request.emit (events.js:198:13)
      at IncomingMessage.<anonymous> (/usr/local/lib/node_modules/yarn/lib/cli.js:130291:12)
      at Object.onceWrapper (events.js:286:20)
      at IncomingMessage.emit (events.js:203:15)
      at endReadableNT (_stream_readable.js:1129:12)
      at process._tickCallback (internal/process/next_tick.js:63:19)

npm manifest: 
  {
    "name": "gym_ex_bot",
    "version": "1.0.0",
    "main": "index.js",
    "repository": "git@github.com:xbaysal11/gym_ex_bot.git",
    "author": "xbaysal11 <baisalbek.daniiarov@gmail.com>",
    "license": "MIT"
  }

yarn manifest: 
  No manifest

Lockfile: 
  No lockfile
